<?xml version="1.0" encoding="UTF-8"?>
<!-- Generated by org.testng.reporters.JUnitReportReporter -->
<testsuite hostname="DESKTOP-MFFIQLV" failures="0" tests="5" name="learntestng.UserDefinedOrderofExecution" time="0.045" errors="0" timestamp="2023-03-23T13:42:24 IST" skipped="0">
  <testcase classname="learntestng.UserDefinedOrderofExecution" name="mangoTest" time="0.006"/>
  <system-out/>
  <testcase classname="learntestng.UserDefinedOrderofExecution" name="bananaTest" time="0.025"/>
  <system-out/>
  <testcase classname="learntestng.UserDefinedOrderofExecution" name="grapesTest" time="0.006"/>
  <system-out/>
  <testcase classname="learntestng.UserDefinedOrderofExecution" name="orangeTest" time="0.003"/>
  <system-out/>
  <testcase classname="learntestng.UserDefinedOrderofExecution" name="appleTest" time="0.005"/>
  <system-out/>
</testsuite> <!-- learntestng.UserDefinedOrderofExecution -->
