<?xml version="1.0" encoding="UTF-8"?>
<!-- Generated by org.testng.reporters.JUnitReportReporter -->
<testsuite hostname="DESKTOP-MFFIQLV" failures="0" tests="4" name="learntestng.LearnToFetchDataFromSameClass" time="0.050" errors="0" timestamp="2023-03-25T12:19:15 IST" skipped="0">
  <testcase classname="learntestng.LearnToFetchDataFromSameClass" name="supplyDataToMe" time="0.005"/>
  <system-out/>
  <testcase classname="learntestng.LearnToFetchDataFromSameClass" name="supplyDataToMe" time="0.034"/>
  <system-out/>
  <testcase classname="learntestng.LearnToFetchDataFromSameClass" name="supplyDataToMe" time="0.007"/>
  <system-out/>
  <testcase classname="learntestng.LearnToFetchDataFromSameClass" name="supplyDataToMe" time="0.004"/>
  <system-out/>
</testsuite> <!-- learntestng.LearnToFetchDataFromSameClass -->
