<?xml version="1.0" encoding="UTF-8"?>
<!-- Generated by org.testng.reporters.JUnitReportReporter -->
<testsuite hostname="DESKTOP-MFFIQLV" failures="0" tests="1" name="learntestng.TestNGClass" time="0.003" errors="0" timestamp="2023-03-23T13:42:24 IST" skipped="0">
  <testcase classname="learntestng.TestNGClass" name="mangoTest" time="0.003"/>
  <system-out/>
</testsuite> <!-- learntestng.TestNGClass -->
