<?xml version="1.0" encoding="UTF-8"?>
<!-- Generated by org.testng.reporters.JUnitReportReporter -->
<testsuite hostname="DESKTOP-MFFIQLV" failures="0" tests="2" name="learntestng.OneGoodScriptforParallel" time="91.790" errors="0" timestamp="2023-03-25T13:01:04 IST" skipped="0">
  <testcase classname="learntestng.OneGoodScriptforParallel" name="actiTimeLoginLogout" time="50.189"/>
  <system-out/>
  <testcase classname="learntestng.OneGoodScriptforParallel" name="actiTimeLoginLogout" time="41.601"/>
  <system-out/>
</testsuite> <!-- learntestng.OneGoodScriptforParallel -->
