<?xml version="1.0" encoding="UTF-8"?>
<!-- Generated by org.testng.reporters.JUnitReportReporter -->
<testsuite hostname="DESKTOP-MFFIQLV" failures="0" tests="14" name="learntestng.DisableTestInTestNGClass" time="0.082" errors="0" timestamp="2023-03-23T13:42:24 IST" skipped="1">
  <testcase classname="learntestng.DisableTestInTestNGClass" name="mangoTest" time="0.004"/>
  <system-out/>
  <testcase classname="learntestng.DisableTestInTestNGClass" name="mangoTest" time="0.010"/>
  <system-out/>
  <testcase classname="learntestng.DisableTestInTestNGClass" name="mangoTest" time="0.002"/>
  <system-out/>
  <testcase classname="learntestng.DisableTestInTestNGClass" name="mangoTest" time="0.006"/>
  <system-out/>
  <testcase classname="learntestng.DisableTestInTestNGClass" name="mangoTest" time="0.005"/>
  <system-out/>
  <testcase classname="learntestng.DisableTestInTestNGClass" name="mangoTest" time="0.002"/>
  <system-out/>
  <testcase classname="learntestng.DisableTestInTestNGClass" name="mangoTest" time="0.005"/>
  <system-out/>
  <testcase classname="learntestng.DisableTestInTestNGClass" name="mangoTest" time="0.003"/>
  <system-out/>
  <testcase classname="learntestng.DisableTestInTestNGClass" name="mangoTest" time="0.020"/>
  <system-out/>
  <testcase classname="learntestng.DisableTestInTestNGClass" name="mangoTest" time="0.007"/>
  <system-out/>
  <testcase classname="learntestng.DisableTestInTestNGClass" name="bananaTest" time="0.002"/>
  <system-out/>
  <testcase classname="learntestng.DisableTestInTestNGClass" name="grapesTest" time="0.009"/>
  <system-out/>
  <testcase classname="learntestng.DisableTestInTestNGClass" name="orangeTest" time="0.007"/>
  <system-out/>
  <testcase classname="learntestng.DisableTestInTestNGClass" name="appleTest">
    <skipped/>
  </testcase> <!-- appleTest -->
  <system-out/>
</testsuite> <!-- learntestng.DisableTestInTestNGClass -->
