<?xml version="1.0" encoding="UTF-8"?>
<!-- Generated by org.testng.reporters.JUnitReportReporter -->
<testsuite hostname="DESKTOP-MFFIQLV" failures="0" tests="1" name="learntestng.LearnHardAssert" time="20.873" errors="0" timestamp="2023-03-25T15:52:51 IST" skipped="0">
  <testcase classname="learntestng.LearnHardAssert" name="verifyTitle" time="20.873"/>
  <system-out/>
</testsuite> <!-- learntestng.LearnHardAssert -->
