<?xml version="1.0" encoding="UTF-8"?>
<!-- Generated by org.testng.reporters.JUnitReportReporter -->
<testsuite hostname="DESKTOP-MFFIQLV" failures="0" tests="5" name="learntestng.WhatIfTestCalledMultipleTimes" time="0.036" errors="0" timestamp="2023-03-23T13:42:24 IST" skipped="0">
  <testcase classname="learntestng.WhatIfTestCalledMultipleTimes" name="grapesTest" time="0.005"/>
  <system-out/>
  <testcase classname="learntestng.WhatIfTestCalledMultipleTimes" name="orangeTest" time="0.014"/>
  <system-out/>
  <testcase classname="learntestng.WhatIfTestCalledMultipleTimes" name="appleTest" time="0.005"/>
  <system-out/>
  <testcase classname="learntestng.WhatIfTestCalledMultipleTimes" name="bananaTest" time="0.005"/>
  <system-out/>
  <testcase classname="learntestng.WhatIfTestCalledMultipleTimes" name="mangoTest" time="0.007"/>
  <system-out/>
</testsuite> <!-- learntestng.WhatIfTestCalledMultipleTimes -->
