<?xml version="1.0" encoding="UTF-8"?>
<!-- Generated by org.testng.reporters.JUnitReportReporter -->
<testsuite hostname="DESKTOP-MFFIQLV" failures="0" tests="4" name="learntestng.MyScriptOnFaceBook" time="0.070" errors="0" timestamp="2023-03-23T13:42:24 IST" skipped="0">
  <testcase classname="learntestng.MyScriptOnFaceBook" name="uploadPhoto" time="0.019"/>
  <system-out/>
  <testcase classname="learntestng.MyScriptOnFaceBook" name="sendFriendRequest" time="0.023"/>
  <system-out/>
  <testcase classname="learntestng.MyScriptOnFaceBook" name="likePhoto" time="0.012"/>
  <system-out/>
  <testcase classname="learntestng.MyScriptOnFaceBook" name="commentPhoto" time="0.016"/>
  <system-out/>
</testsuite> <!-- learntestng.MyScriptOnFaceBook -->
