<?xml version="1.0" encoding="UTF-8"?>
<!-- Generated by org.testng.reporters.JUnitReportReporter -->
<testsuite hostname="DESKTOP-MFFIQLV" failures="0" tests="4" name="learntestng.LearnToSupplyDataFromAnotherClass" time="0.026" errors="0" timestamp="2023-03-25T12:28:38 IST" skipped="0">
  <testcase classname="learntestng.LearnToSupplyDataFromAnotherClass" name="supplyDataToMe" time="0.014"/>
  <system-out/>
  <testcase classname="learntestng.LearnToSupplyDataFromAnotherClass" name="supplyDataToMe" time="0.006"/>
  <system-out/>
  <testcase classname="learntestng.LearnToSupplyDataFromAnotherClass" name="supplyDataToMe" time="0.003"/>
  <system-out/>
  <testcase classname="learntestng.LearnToSupplyDataFromAnotherClass" name="supplyDataToMe" time="0.003"/>
  <system-out/>
</testsuite> <!-- learntestng.LearnToSupplyDataFromAnotherClass -->
