<?xml version="1.0" encoding="UTF-8"?>
<!-- Generated by org.testng.reporters.JUnitReportReporter -->
<testsuite hostname="DESKTOP-MFFIQLV" failures="0" tests="3" name="learntestng.ClassA" time="0.009" errors="0" timestamp="2023-03-24T13:54:07 IST" skipped="0">
  <testcase classname="learntestng.ClassA" name="nameH" time="0.002"/>
  <system-out/>
  <testcase classname="learntestng.ClassA" name="nameE" time="0.004"/>
  <system-out/>
  <testcase classname="learntestng.ClassA" name="nameF" time="0.003"/>
  <system-out/>
</testsuite> <!-- learntestng.ClassA -->
