<?xml version="1.0" encoding="UTF-8"?>
<!-- Generated by org.testng.reporters.JUnitReportReporter -->
<testsuite hostname="DESKTOP-MFFIQLV" failures="0" tests="1" name="datadriventesting.ScriptFromPropertyFile" time="19.628" errors="0" timestamp="2023-03-16T19:40:06 IST" skipped="0">
  <testcase classname="datadriventesting.ScriptFromPropertyFile" name="script" time="19.628"/>
  <system-out/>
</testsuite> <!-- datadriventesting.ScriptFromPropertyFile -->
