<?xml version="1.0" encoding="UTF-8"?>
<!-- Generated by org.testng.reporters.JUnitReportReporter -->
<testsuite hostname="DESKTOP-MFFIQLV" failures="0" tests="4" name="learntestng.ClassB" time="0.041" errors="0" timestamp="2023-03-24T13:54:07 IST" skipped="0">
  <testcase classname="learntestng.ClassB" name="nameB" time="0.006"/>
  <system-out/>
  <testcase classname="learntestng.ClassB" name="nameD" time="0.005"/>
  <system-out/>
  <testcase classname="learntestng.ClassB" name="nameA" time="0.024"/>
  <system-out/>
  <testcase classname="learntestng.ClassB" name="nameC" time="0.006"/>
  <system-out/>
</testsuite> <!-- learntestng.ClassB -->
