<?xml version="1.0" encoding="UTF-8"?>
<!-- Generated by org.testng.reporters.JUnitReportReporter -->
<testsuite hostname="DESKTOP-MFFIQLV" failures="0" tests="3" name="learntestng.FaceBookCheck" time="0.032" errors="0" timestamp="2023-03-24T13:19:52 IST" skipped="0">
  <testcase classname="learntestng.FaceBookCheck" name="uploadProfilePic" time="0.017"/>
  <system-out/>
  <testcase classname="learntestng.FaceBookCheck" name="sendFriendRequest" time="0.008"/>
  <system-out/>
  <testcase classname="learntestng.FaceBookCheck" name="acceptFreindRequest" time="0.007"/>
  <system-out/>
</testsuite> <!-- learntestng.FaceBookCheck -->
