<?xml version="1.0" encoding="UTF-8"?>
<!-- Generated by org.testng.reporters.JUnitReportReporter -->
<testsuite hostname="DESKTOP-MFFIQLV" failures="0" tests="14" name="learntestng.GetMoreMongoes" time="0.060" errors="0" timestamp="2023-03-23T13:42:24 IST" skipped="0">
  <testcase classname="learntestng.GetMoreMongoes" name="mangoTest" time="0.003"/>
  <system-out/>
  <testcase classname="learntestng.GetMoreMongoes" name="mangoTest" time="0.010"/>
  <system-out/>
  <testcase classname="learntestng.GetMoreMongoes" name="mangoTest" time="0.004"/>
  <system-out/>
  <testcase classname="learntestng.GetMoreMongoes" name="mangoTest" time="0.008"/>
  <system-out/>
  <testcase classname="learntestng.GetMoreMongoes" name="mangoTest" time="0.001"/>
  <system-out/>
  <testcase classname="learntestng.GetMoreMongoes" name="mangoTest" time="0.005"/>
  <system-out/>
  <testcase classname="learntestng.GetMoreMongoes" name="mangoTest" time="0.001"/>
  <system-out/>
  <testcase classname="learntestng.GetMoreMongoes" name="mangoTest" time="0.005"/>
  <system-out/>
  <testcase classname="learntestng.GetMoreMongoes" name="mangoTest" time="0.007"/>
  <system-out/>
  <testcase classname="learntestng.GetMoreMongoes" name="mangoTest" time="0.004"/>
  <system-out/>
  <testcase classname="learntestng.GetMoreMongoes" name="bananaTest" time="0.003"/>
  <system-out/>
  <testcase classname="learntestng.GetMoreMongoes" name="grapesTest" time="0.003"/>
  <system-out/>
  <testcase classname="learntestng.GetMoreMongoes" name="orangeTest" time="0.002"/>
  <system-out/>
  <testcase classname="learntestng.GetMoreMongoes" name="appleTest" time="0.004"/>
  <system-out/>
</testsuite> <!-- learntestng.GetMoreMongoes -->
