<?xml version="1.0" encoding="UTF-8"?>
<!-- Generated by org.testng.reporters.JUnitReportReporter -->
<testsuite hostname="DESKTOP-3EDCVRR" failures="0" tests="1" name="demo.SwipeTheImage" time="8.400" errors="0" timestamp="2024-05-23T16:24:07 IST" skipped="0">
  <testcase classname="demo.SwipeTheImage" name="swipeintofocus" time="8.400"/>
  <system-out/>
</testsuite> <!-- demo.SwipeTheImage -->
