<?xml version="1.0" encoding="UTF-8"?>
<!-- Generated by org.testng.reporters.JUnitReportReporter -->
<testsuite hostname="DESKTOP-3EDCVRR" failures="0" tests="1" name="demo.BaseTest" time="22.055" errors="0" timestamp="2024-05-15T10:48:20 IST" skipped="0">
  <testcase classname="demo.BaseTest" name="configureAppium" time="22.055"/>
  <system-out/>
</testsuite> <!-- demo.BaseTest -->
