<?xml version="1.0" encoding="UTF-8"?>
<!-- Generated by org.testng.reporters.JUnitReportReporter -->
<testsuite hostname="DESKTOP-3EDCVRR" failures="0" tests="1" name="demo.ScrollAndFindElement" time="9.004" errors="0" timestamp="2024-05-20T16:15:10 IST" skipped="0">
  <testcase classname="demo.ScrollAndFindElement" name="scrollToView" time="9.004"/>
  <system-out/>
</testsuite> <!-- demo.ScrollAndFindElement -->
