<?xml version="1.0" encoding="UTF-8"?>
<!-- Generated by org.testng.reporters.JUnitReportReporter -->
<testsuite hostname="DESKTOP-3EDCVRR" failures="0" tests="1" name="demo.LongPressGesture" time="9.007" errors="0" timestamp="2024-05-20T13:47:35 IST" skipped="0">
  <testcase classname="demo.LongPressGesture" name="longPressTest" time="9.007"/>
  <system-out/>
</testsuite> <!-- demo.LongPressGesture -->
