<?xml version="1.0" encoding="UTF-8"?>
<!-- Generated by org.testng.reporters.JUnitReportReporter -->
<testsuite hostname="Laliths-MacBook-Air.local" failures="0" tests="2" name="selenium.io.ShoppersStackAutomation.SSAutomation" time="7.012" errors="0" timestamp="2025-01-07T16:44:39 IST" skipped="0">
  <testcase classname="selenium.io.ShoppersStackAutomation.SSAutomation" name="logintoshopperstack" time="6.946"/>
  <system-out/>
  <testcase classname="selenium.io.ShoppersStackAutomation.SSAutomation" name="getMenuList" time="0.066"/>
  <system-out/>
</testsuite> <!-- selenium.io.ShoppersStackAutomation.SSAutomation -->
