<?xml version="1.0" encoding="UTF-8"?>
<!-- Generated by org.testng.reporters.JUnitReportReporter -->
<testsuite hostname="DESKTOP-3EDCVRR" failures="0" tests="1" name="selenium.io.ShoppersStackAutomation.SSAutomation" time="30.949" errors="0" timestamp="2024-04-12T14:34:22 IST" skipped="0">
  <testcase classname="selenium.io.ShoppersStackAutomation.SSAutomation" name="logintoshopperstack" time="30.949"/>
  <system-out/>
</testsuite> <!-- selenium.io.ShoppersStackAutomation.SSAutomation -->
