<?xml version="1.0" encoding="UTF-8"?>
<!-- Generated by org.testng.reporters.JUnitReportReporter -->
<testsuite hostname="DESKTOP-3EDCVRR" failures="0" tests="1" name="selenium.io.ShoppersStackAutomation.LoginToSS" time="35.472" errors="0" timestamp="2024-04-12T14:21:09 IST" skipped="0">
  <testcase classname="selenium.io.ShoppersStackAutomation.LoginToSS" name="logintoshopperstack" time="35.472"/>
  <system-out/>
</testsuite> <!-- selenium.io.ShoppersStackAutomation.LoginToSS -->
