<?xml version="1.0" encoding="UTF-8"?>
<!-- Generated by org.testng.reporters.JUnitReportReporter -->
<testsuite hostname="DESKTOP-3EDCVRR" failures="0" tests="2" name="restAssure.io.RestAssuredApiAutomation.Main" time="1.738" errors="0" timestamp="2024-05-07T12:27:16 IST" skipped="0">
  <testcase classname="restAssure.io.RestAssuredApiAutomation.Main" name="test2" time="0.391"/>
  <testcase classname="restAssure.io.RestAssuredApiAutomation.Main" name="test1" time="1.347"/>
</testsuite> <!-- restAssure.io.RestAssuredApiAutomation.Main -->
