<?xml version="1.0" encoding="UTF-8"?>
<!-- Generated by org.testng.reporters.JUnitReportReporter -->
<testsuite hostname="Laliths-MacBook-Air.local" failures="0" tests="2" name="restAssure.io.RestAssuredApiAutomation.Main" time="1.397" errors="0" timestamp="2025-01-09T12:39:43 IST" skipped="0">
  <testcase classname="restAssure.io.RestAssuredApiAutomation.Main" name="test1" time="0.891"/>
  <testcase classname="restAssure.io.RestAssuredApiAutomation.Main" name="test2" time="0.506"/>
</testsuite> <!-- restAssure.io.RestAssuredApiAutomation.Main -->
