<?xml version="1.0" encoding="UTF-8"?>
<!-- Generated by org.testng.reporters.JUnitReportReporter -->
<testsuite hostname="DESKTOP-3EDCVRR" failures="0" tests="1" name="restAssure.io.RestAssuredApiAutomation.BasicTestCase" time="2.233" errors="0" timestamp="2024-05-07T12:02:48 IST" skipped="0">
  <testcase classname="restAssure.io.RestAssuredApiAutomation.BasicTestCase" name="test01" time="2.233"/>
</testsuite> <!-- restAssure.io.RestAssuredApiAutomation.BasicTestCase -->
