<?xml version="1.0" encoding="UTF-8"?>
<!-- Generated by org.testng.reporters.JUnitReportReporter -->
<testsuite hostname="Lenovo-G500" failures="0" tests="3" name="com.vtiger.com_opptest.copy.CreateOpportunity" time="164.667" errors="0" timestamp="2021-08-26T12:50:58 IST" skipped="0">
  <testcase classname="com.vtiger.com_opptest.copy.CreateOpportunity" name="CreateOpportunity_tc_09_Test" time="52.347"/>
  <system-out/>
  <testcase classname="com.vtiger.com_opptest.copy.CreateOpportunity" name="CreateOpportunity_tc_07_Test" time="54.874"/>
  <system-out/>
  <testcase classname="com.vtiger.com_opptest.copy.CreateOpportunity" name="CreateOpportunity_tc_08_Test" time="57.446"/>
  <system-out/>
</testsuite> <!-- com.vtiger.com_opptest.copy.CreateOpportunity -->
