<?xml version="1.0" encoding="UTF-8"?>
<!-- Generated by org.testng.reporters.JUnitReportReporter -->
<testsuite hostname="Lenovo-G500" failures="0" tests="1" name="vtiger.assertionPractice" time="30.726" errors="0" timestamp="2021-08-25T23:16:37 IST" skipped="0">
  <testcase classname="vtiger.assertionPractice" name="loginTest" time="30.726"/>
  <system-out/>
</testsuite> <!-- vtiger.assertionPractice -->
