<?xml version="1.0" encoding="UTF-8"?>
<!-- Generated by org.testng.reporters.JUnitReportReporter -->
<testsuite hostname="Lenovo-G500" failures="0" tests="1" name="vtiger.Practice1" time="0.029" errors="0" timestamp="2021-08-20T19:47:44 IST" skipped="0">
  <testcase classname="vtiger.Practice1" name="print" time="0.029"/>
  <system-out/>
</testsuite> <!-- vtiger.Practice1 -->
