<?xml version="1.0" encoding="UTF-8"?>
<!-- Generated by org.testng.reporters.JUnitReportReporter -->
<testsuite hostname="Lenovo-G500" failures="0" tests="3" name="com.vtiger.com_opptest.CreateOpportunity" time="273.881" errors="0" timestamp="2021-08-31T21:27:43 IST" skipped="0">
  <testcase classname="com.vtiger.com_opptest.CreateOpportunity" name="CreateOpportunity_tc_08_Test" time="84.493"/>
  <system-out/>
  <testcase classname="com.vtiger.com_opptest.CreateOpportunity" name="CreateOpportunity_tc_07_Test" time="100.570"/>
  <system-out/>
  <testcase classname="com.vtiger.com_opptest.CreateOpportunity" name="CreateOpportunity_tc_09_Test" time="88.818"/>
  <system-out/>
</testsuite> <!-- com.vtiger.com_opptest.CreateOpportunity -->
