<?xml version="1.0" encoding="UTF-8"?>
<!-- Generated by org.testng.reporters.JUnitReportReporter -->
<testsuite hostname="Lenovo-G500" failures="0" tests="1" name="vtiger.Practice3" time="28.135" errors="0" timestamp="2021-08-25T22:20:10 IST" skipped="0">
  <testcase classname="vtiger.Practice3" name="loginTest" time="28.135"/>
  <system-out/>
</testsuite> <!-- vtiger.Practice3 -->
