<?xml version="1.0" encoding="UTF-8"?>
<!-- Generated by org.testng.reporters.JUnitReportReporter -->
<testsuite hostname="Lenovo-G500" failures="0" tests="3" name="programs.java.Priority" time="0.052" errors="0" timestamp="2021-09-21T12:51:38 IST" skipped="0">
  <testcase classname="programs.java.Priority" name="test2" time="0.029"/>
  <system-out/>
  <testcase classname="programs.java.Priority" name="test1" time="0.009"/>
  <system-out/>
  <testcase classname="programs.java.Priority" name="test3" time="0.014"/>
  <system-out/>
</testsuite> <!-- programs.java.Priority -->
