<?xml version="1.0" encoding="UTF-8"?>
<!-- Generated by org.testng.reporters.JUnitReportReporter -->
<testsuite hostname="Lenovo-G500" failures="0" tests="1" name="com.vtiger.com_opptest.CreateOpportunity_tc_07" time="56.000" errors="0" timestamp="2021-08-22T13:39:12 IST" skipped="0">
  <testcase classname="com.vtiger.com_opptest.CreateOpportunity_tc_07" name="CreateOpportunityl_tc_07Test" time="56.000"/>
  <system-out/>
</testsuite> <!-- com.vtiger.com_opptest.CreateOpportunity_tc_07 -->
