<?xml version="1.0" encoding="UTF-8"?>
<!-- Generated by org.testng.reporters.JUnitReportReporter -->
<testsuite hostname="Lenovo-G500" failures="0" tests="1" name="com.vtiger.com_opptest.CreateOpportunity_tc_09" time="61.019" errors="0" timestamp="2021-08-22T13:39:12 IST" skipped="0">
  <testcase classname="com.vtiger.com_opptest.CreateOpportunity_tc_09" name="CreateOpportunityl_tc_09Test" time="61.019"/>
  <system-out/>
</testsuite> <!-- com.vtiger.com_opptest.CreateOpportunity_tc_09 -->
